2017-08-16 09:34:38.158  INFO 3772 --- [main] c.p.login.LoginServerApplicationTests    : Starting LoginServerApplicationTests on SONY-VAIO with PID 3772 (started by Administrator in D:\Data\Java\Projects\MicroServices\user-login\user-login-server)
2017-08-16 09:34:38.174  INFO 3772 --- [main] c.p.login.LoginServerApplicationTests    : No active profile set, falling back to default profiles: default
2017-08-16 09:34:38.295  INFO 3772 --- [main] o.s.w.c.s.GenericWebApplicationContext   : Refreshing org.springframework.web.context.support.GenericWebApplicationContext@6f27a732: startup date [Wed Aug 16 09:34:38 IST 2017]; root of context hierarchy
2017-08-16 09:34:43.571  INFO 3772 --- [main] o.s.s.web.DefaultSecurityFilterChain     : Creating filter chain: org.springframework.security.web.util.matcher.AnyRequestMatcher@1, [org.springframework.security.web.context.request.async.WebAsyncManagerIntegrationFilter@383f3558, org.springframework.security.web.context.SecurityContextPersistenceFilter@111610e6, org.springframework.security.web.header.HeaderWriterFilter@81ff872, org.springframework.security.web.authentication.logout.LogoutFilter@26a529dc, org.springframework.security.web.savedrequest.RequestCacheAwareFilter@29d37757, org.springframework.security.web.servletapi.SecurityContextHolderAwareRequestFilter@7882c44a, org.springframework.security.web.authentication.AnonymousAuthenticationFilter@49b07ee3, org.springframework.security.web.session.SessionManagementFilter@1bd81830, org.springframework.security.web.access.ExceptionTranslationFilter@7dcc91fd, org.springframework.security.web.access.intercept.FilterSecurityInterceptor@4bd2f0dc]
2017-08-16 09:34:44.661  INFO 3772 --- [main] s.w.s.m.m.a.RequestMappingHandlerAdapter : Looking for @ControllerAdvice: org.springframework.web.context.support.GenericWebApplicationContext@6f27a732: startup date [Wed Aug 16 09:34:38 IST 2017]; root of context hierarchy
2017-08-16 09:34:44.806  INFO 3772 --- [main] s.w.s.m.m.a.RequestMappingHandlerMapping : Mapped "{[/login],methods=[GET]}" onto public org.springframework.web.servlet.ModelAndView com.project.login.LoginController.login()
2017-08-16 09:34:44.822  INFO 3772 --- [main] s.w.s.m.m.a.RequestMappingHandlerMapping : Mapped "{[/login/authenticate],methods=[POST]}" onto public com.project.login.model.AppResponse com.project.login.LoginController.doLogin(com.project.login.model.Login)
2017-08-16 09:34:44.826  INFO 3772 --- [main] s.w.s.m.m.a.RequestMappingHandlerMapping : Mapped "{[/registration/sendUserId],methods=[POST]}" onto public org.springframework.http.ResponseEntity<java.lang.String> com.project.login.registration.RegistrationController.test(java.lang.String)
2017-08-16 09:34:44.834  INFO 3772 --- [main] s.w.s.m.m.a.RequestMappingHandlerMapping : Mapped "{[/registration/registerUser],methods=[POST]}" onto public com.project.login.model.AppResponse com.project.login.registration.RegistrationController.registerUser(com.project.login.model.Registration)
2017-08-16 09:34:44.834  INFO 3772 --- [main] s.w.s.m.m.a.RequestMappingHandlerMapping : Mapped "{[/registration/checkIfUserIdAvailable/{userId}],methods=[GET]}" onto public com.project.login.model.AppResponse com.project.login.registration.RegistrationController.checkIfUserIdAvailable(java.lang.String)
2017-08-16 09:34:44.937  INFO 3772 --- [main] o.s.w.s.handler.SimpleUrlHandlerMapping  : Mapped URL path [/webjars/**] onto handler of type [class org.springframework.web.servlet.resource.ResourceHttpRequestHandler]
2017-08-16 09:34:44.938  INFO 3772 --- [main] o.s.w.s.handler.SimpleUrlHandlerMapping  : Mapped URL path [/**] onto handler of type [class org.springframework.web.servlet.resource.ResourceHttpRequestHandler]
2017-08-16 09:34:45.040  INFO 3772 --- [main] o.s.w.s.handler.SimpleUrlHandlerMapping  : Mapped URL path [/**/favicon.ico] onto handler of type [class org.springframework.web.servlet.resource.ResourceHttpRequestHandler]
2017-08-16 09:34:45.091  INFO 3772 --- [main] oConfiguration$WelcomePageHandlerMapping : Adding welcome page: ServletContext resource [/index.html]
2017-08-16 09:34:45.484  INFO 3772 --- [main] c.p.login.LoginServerApplicationTests    : Started LoginServerApplicationTests in 7.936 seconds (JVM running for 9.544)
2017-08-16 09:34:45.611  INFO 3772 --- [Thread-2] o.s.w.c.s.GenericWebApplicationContext   : Closing org.springframework.web.context.support.GenericWebApplicationContext@6f27a732: startup date [Wed Aug 16 09:34:38 IST 2017]; root of context hierarchy
2017-08-16 09:35:15.929  INFO 6892 --- [main] c.p.login.LoginServerApplicationTests    : Starting LoginServerApplicationTests on SONY-VAIO with PID 6892 (started by Administrator in D:\Data\Java\Projects\MicroServices\user-login\user-login-server)
2017-08-16 09:35:15.933  INFO 6892 --- [main] c.p.login.LoginServerApplicationTests    : No active profile set, falling back to default profiles: default
2017-08-16 09:35:16.020  INFO 6892 --- [main] o.s.w.c.s.GenericWebApplicationContext   : Refreshing org.springframework.web.context.support.GenericWebApplicationContext@6f27a732: startup date [Wed Aug 16 09:35:16 IST 2017]; root of context hierarchy
2017-08-16 09:35:20.318  INFO 6892 --- [main] o.s.s.web.DefaultSecurityFilterChain     : Creating filter chain: org.springframework.security.web.util.matcher.AnyRequestMatcher@1, [org.springframework.security.web.context.request.async.WebAsyncManagerIntegrationFilter@1a78dacd, org.springframework.security.web.context.SecurityContextPersistenceFilter@7ea4d397, org.springframework.security.web.header.HeaderWriterFilter@304a9d7b, org.springframework.security.web.authentication.logout.LogoutFilter@44f9779c, org.springframework.security.web.savedrequest.RequestCacheAwareFilter@253c1256, org.springframework.security.web.servletapi.SecurityContextHolderAwareRequestFilter@3dedb4a6, org.springframework.security.web.authentication.AnonymousAuthenticationFilter@19f9d595, org.springframework.security.web.session.SessionManagementFilter@77e80a5e, org.springframework.security.web.access.ExceptionTranslationFilter@410e94e, org.springframework.security.web.access.intercept.FilterSecurityInterceptor@238ad8c]
2017-08-16 09:35:20.790  INFO 6892 --- [main] s.w.s.m.m.a.RequestMappingHandlerAdapter : Looking for @ControllerAdvice: org.springframework.web.context.support.GenericWebApplicationContext@6f27a732: startup date [Wed Aug 16 09:35:16 IST 2017]; root of context hierarchy
2017-08-16 09:35:21.034  INFO 6892 --- [main] s.w.s.m.m.a.RequestMappingHandlerMapping : Mapped "{[/login],methods=[GET]}" onto public org.springframework.web.servlet.ModelAndView com.project.login.LoginController.login()
2017-08-16 09:35:21.036  INFO 6892 --- [main] s.w.s.m.m.a.RequestMappingHandlerMapping : Mapped "{[/login/authenticate],methods=[POST]}" onto public com.project.login.model.AppResponse com.project.login.LoginController.doLogin(com.project.login.model.Login)
2017-08-16 09:35:21.039  INFO 6892 --- [main] s.w.s.m.m.a.RequestMappingHandlerMapping : Mapped "{[/registration/sendUserId],methods=[POST]}" onto public org.springframework.http.ResponseEntity<java.lang.String> com.project.login.registration.RegistrationController.test(java.lang.String)
2017-08-16 09:35:21.040  INFO 6892 --- [main] s.w.s.m.m.a.RequestMappingHandlerMapping : Mapped "{[/registration/checkIfUserIdAvailable/{userId}],methods=[GET]}" onto public com.project.login.model.AppResponse com.project.login.registration.RegistrationController.checkIfUserIdAvailable(java.lang.String)
2017-08-16 09:35:21.041  INFO 6892 --- [main] s.w.s.m.m.a.RequestMappingHandlerMapping : Mapped "{[/registration/registerUser],methods=[POST]}" onto public com.project.login.model.AppResponse com.project.login.registration.RegistrationController.registerUser(com.project.login.model.Registration)
2017-08-16 09:35:21.109  INFO 6892 --- [main] o.s.w.s.handler.SimpleUrlHandlerMapping  : Mapped URL path [/webjars/**] onto handler of type [class org.springframework.web.servlet.resource.ResourceHttpRequestHandler]
2017-08-16 09:35:21.111  INFO 6892 --- [main] o.s.w.s.handler.SimpleUrlHandlerMapping  : Mapped URL path [/**] onto handler of type [class org.springframework.web.servlet.resource.ResourceHttpRequestHandler]
2017-08-16 09:35:21.193  INFO 6892 --- [main] o.s.w.s.handler.SimpleUrlHandlerMapping  : Mapped URL path [/**/favicon.ico] onto handler of type [class org.springframework.web.servlet.resource.ResourceHttpRequestHandler]
2017-08-16 09:35:21.241  INFO 6892 --- [main] oConfiguration$WelcomePageHandlerMapping : Adding welcome page: ServletContext resource [/index.html]
2017-08-16 09:35:21.570  INFO 6892 --- [main] c.p.login.LoginServerApplicationTests    : Started LoginServerApplicationTests in 6.221 seconds (JVM running for 7.353)
2017-08-16 09:35:21.725  INFO 6892 --- [Thread-2] o.s.w.c.s.GenericWebApplicationContext   : Closing org.springframework.web.context.support.GenericWebApplicationContext@6f27a732: startup date [Wed Aug 16 09:35:16 IST 2017]; root of context hierarchy
2017-08-16 09:36:19.697  INFO 5784 --- [main] c.project.login.LoginServerApplication   : Starting LoginServerApplication on SONY-VAIO with PID 5784 (D:\Data\Java\Projects\MicroServices\user-login\user-login-server\target\classes started by Administrator in D:\Data\Java\Projects\MicroServices\user-login\user-login-server)
2017-08-16 09:36:19.707  INFO 5784 --- [main] c.project.login.LoginServerApplication   : No active profile set, falling back to default profiles: default
2017-08-16 09:36:19.879  INFO 5784 --- [main] ationConfigEmbeddedWebApplicationContext : Refreshing org.springframework.boot.context.embedded.AnnotationConfigEmbeddedWebApplicationContext@38364841: startup date [Wed Aug 16 09:36:19 IST 2017]; root of context hierarchy
2017-08-16 09:36:22.033  INFO 5784 --- [main] s.b.c.e.t.TomcatEmbeddedServletContainer : Tomcat initialized with port(s): 8080 (http)
2017-08-16 09:36:22.052  INFO 5784 --- [main] o.apache.catalina.core.StandardService   : Starting service Tomcat
2017-08-16 09:36:22.053  INFO 5784 --- [main] org.apache.catalina.core.StandardEngine  : Starting Servlet Engine: Apache Tomcat/8.5.11
2017-08-16 09:36:22.193  INFO 5784 --- [localhost-startStop-1] o.a.c.c.C.[Tomcat].[localhost].[/]       : Initializing Spring embedded WebApplicationContext
2017-08-16 09:36:22.193  INFO 5784 --- [localhost-startStop-1] o.s.web.context.ContextLoader            : Root WebApplicationContext: initialization completed in 2322 ms
2017-08-16 09:36:22.446  INFO 5784 --- [localhost-startStop-1] o.s.b.w.servlet.FilterRegistrationBean   : Mapping filter: 'characterEncodingFilter' to: [/*]
2017-08-16 09:36:22.448  INFO 5784 --- [localhost-startStop-1] o.s.b.w.servlet.FilterRegistrationBean   : Mapping filter: 'hiddenHttpMethodFilter' to: [/*]
2017-08-16 09:36:22.449  INFO 5784 --- [localhost-startStop-1] o.s.b.w.servlet.FilterRegistrationBean   : Mapping filter: 'httpPutFormContentFilter' to: [/*]
2017-08-16 09:36:22.449  INFO 5784 --- [localhost-startStop-1] o.s.b.w.servlet.FilterRegistrationBean   : Mapping filter: 'requestContextFilter' to: [/*]
2017-08-16 09:36:22.451  INFO 5784 --- [localhost-startStop-1] .s.DelegatingFilterProxyRegistrationBean : Mapping filter: 'springSecurityFilterChain' to: [/*]
2017-08-16 09:36:22.451  INFO 5784 --- [localhost-startStop-1] o.s.b.w.servlet.ServletRegistrationBean  : Mapping servlet: 'dispatcherServlet' to [/]
2017-08-16 09:36:23.165  INFO 5784 --- [main] o.s.s.web.DefaultSecurityFilterChain     : Creating filter chain: org.springframework.security.web.util.matcher.AnyRequestMatcher@1, [org.springframework.security.web.context.request.async.WebAsyncManagerIntegrationFilter@1e886a5b, org.springframework.security.web.context.SecurityContextPersistenceFilter@2ad3a1bb, org.springframework.security.web.header.HeaderWriterFilter@327120c8, org.springframework.security.web.authentication.logout.LogoutFilter@29ad44e3, org.springframework.security.web.savedrequest.RequestCacheAwareFilter@324c64cd, org.springframework.security.web.servletapi.SecurityContextHolderAwareRequestFilter@702ed190, org.springframework.security.web.authentication.AnonymousAuthenticationFilter@d816dde, org.springframework.security.web.session.SessionManagementFilter@41200e0c, org.springframework.security.web.access.ExceptionTranslationFilter@525d79f0, org.springframework.security.web.access.intercept.FilterSecurityInterceptor@5bbc9f97]
2017-08-16 09:36:23.287  INFO 5784 --- [main] s.w.s.m.m.a.RequestMappingHandlerAdapter : Looking for @ControllerAdvice: org.springframework.boot.context.embedded.AnnotationConfigEmbeddedWebApplicationContext@38364841: startup date [Wed Aug 16 09:36:19 IST 2017]; root of context hierarchy
2017-08-16 09:36:23.365  INFO 5784 --- [main] s.w.s.m.m.a.RequestMappingHandlerMapping : Mapped "{[/login],methods=[GET]}" onto public org.springframework.web.servlet.ModelAndView com.project.login.LoginController.login()
2017-08-16 09:36:23.369  INFO 5784 --- [main] s.w.s.m.m.a.RequestMappingHandlerMapping : Mapped "{[/login/authenticate],methods=[POST]}" onto public com.project.login.model.AppResponse com.project.login.LoginController.doLogin(com.project.login.model.Login)
2017-08-16 09:36:23.372  INFO 5784 --- [main] s.w.s.m.m.a.RequestMappingHandlerMapping : Mapped "{[/registration/sendUserId],methods=[POST]}" onto public org.springframework.http.ResponseEntity<java.lang.String> com.project.login.registration.RegistrationController.test(java.lang.String)
2017-08-16 09:36:23.372  INFO 5784 --- [main] s.w.s.m.m.a.RequestMappingHandlerMapping : Mapped "{[/registration/checkIfUserIdAvailable/{userId}],methods=[GET]}" onto public com.project.login.model.AppResponse com.project.login.registration.RegistrationController.checkIfUserIdAvailable(java.lang.String)
2017-08-16 09:36:23.373  INFO 5784 --- [main] s.w.s.m.m.a.RequestMappingHandlerMapping : Mapped "{[/registration/registerUser],methods=[POST]}" onto public com.project.login.model.AppResponse com.project.login.registration.RegistrationController.registerUser(com.project.login.model.Registration)
2017-08-16 09:36:23.423  INFO 5784 --- [main] o.s.w.s.handler.SimpleUrlHandlerMapping  : Mapped URL path [/webjars/**] onto handler of type [class org.springframework.web.servlet.resource.ResourceHttpRequestHandler]
2017-08-16 09:36:23.424  INFO 5784 --- [main] o.s.w.s.handler.SimpleUrlHandlerMapping  : Mapped URL path [/**] onto handler of type [class org.springframework.web.servlet.resource.ResourceHttpRequestHandler]
2017-08-16 09:36:23.481  INFO 5784 --- [main] o.s.w.s.handler.SimpleUrlHandlerMapping  : Mapped URL path [/**/favicon.ico] onto handler of type [class org.springframework.web.servlet.resource.ResourceHttpRequestHandler]
2017-08-16 09:36:23.562  INFO 5784 --- [main] oConfiguration$WelcomePageHandlerMapping : Adding welcome page: class path resource [static/index.html]
2017-08-16 09:36:23.848  INFO 5784 --- [main] o.s.j.e.a.AnnotationMBeanExporter        : Registering beans for JMX exposure on startup
2017-08-16 09:36:24.050  INFO 5784 --- [main] s.b.c.e.t.TomcatEmbeddedServletContainer : Tomcat started on port(s): 8080 (http)
2017-08-16 09:36:24.059  INFO 5784 --- [main] c.project.login.LoginServerApplication   : Started LoginServerApplication in 4.97 seconds (JVM running for 6.885)
2017-08-16 09:37:00.706  INFO 5784 --- [http-nio-8080-exec-1] o.a.c.c.C.[Tomcat].[localhost].[/]       : Initializing Spring FrameworkServlet 'dispatcherServlet'
2017-08-16 09:37:00.707  INFO 5784 --- [http-nio-8080-exec-1] o.s.web.servlet.DispatcherServlet        : FrameworkServlet 'dispatcherServlet': initialization started
2017-08-16 09:37:00.736  INFO 5784 --- [http-nio-8080-exec-1] o.s.web.servlet.DispatcherServlet        : FrameworkServlet 'dispatcherServlet': initialization completed in 29 ms
2017-08-16 09:51:04.510  INFO 5784 --- [RMI TCP Connection(2)-127.0.0.1] inMXBeanRegistrar$SpringApplicationAdmin : Application shutdown requested.
2017-08-16 09:51:04.512  INFO 5784 --- [RMI TCP Connection(2)-127.0.0.1] ationConfigEmbeddedWebApplicationContext : Closing org.springframework.boot.context.embedded.AnnotationConfigEmbeddedWebApplicationContext@38364841: startup date [Wed Aug 16 09:36:19 IST 2017]; root of context hierarchy
2017-08-16 09:51:04.524  INFO 5784 --- [RMI TCP Connection(2)-127.0.0.1] o.s.j.e.a.AnnotationMBeanExporter        : Unregistering JMX-exposed beans on shutdown
2017-08-16 09:51:12.379  INFO 1648 --- [main] c.project.login.LoginServerApplication   : Starting LoginServerApplication on SONY-VAIO with PID 1648 (D:\Data\Java\Projects\MicroServices\user-login\user-login-server\target\classes started by Administrator in D:\Data\Java\Projects\MicroServices\user-login\user-login-server)
2017-08-16 09:51:12.385  INFO 1648 --- [main] c.project.login.LoginServerApplication   : No active profile set, falling back to default profiles: default
2017-08-16 09:51:12.482  INFO 1648 --- [main] ationConfigEmbeddedWebApplicationContext : Refreshing org.springframework.boot.context.embedded.AnnotationConfigEmbeddedWebApplicationContext@38364841: startup date [Wed Aug 16 09:51:12 IST 2017]; root of context hierarchy
2017-08-16 09:51:14.148  INFO 1648 --- [main] s.b.c.e.t.TomcatEmbeddedServletContainer : Tomcat initialized with port(s): 8080 (http)
2017-08-16 09:51:14.159  INFO 1648 --- [main] o.apache.catalina.core.StandardService   : Starting service Tomcat
2017-08-16 09:51:14.160  INFO 1648 --- [main] org.apache.catalina.core.StandardEngine  : Starting Servlet Engine: Apache Tomcat/8.5.11
2017-08-16 09:51:14.324  INFO 1648 --- [localhost-startStop-1] o.a.c.c.C.[Tomcat].[localhost].[/]       : Initializing Spring embedded WebApplicationContext
2017-08-16 09:51:14.325  INFO 1648 --- [localhost-startStop-1] o.s.web.context.ContextLoader            : Root WebApplicationContext: initialization completed in 1847 ms
2017-08-16 09:51:14.533  INFO 1648 --- [localhost-startStop-1] o.s.b.w.servlet.FilterRegistrationBean   : Mapping filter: 'characterEncodingFilter' to: [/*]
2017-08-16 09:51:14.535  INFO 1648 --- [localhost-startStop-1] o.s.b.w.servlet.FilterRegistrationBean   : Mapping filter: 'hiddenHttpMethodFilter' to: [/*]
2017-08-16 09:51:14.535  INFO 1648 --- [localhost-startStop-1] o.s.b.w.servlet.FilterRegistrationBean   : Mapping filter: 'httpPutFormContentFilter' to: [/*]
2017-08-16 09:51:14.535  INFO 1648 --- [localhost-startStop-1] o.s.b.w.servlet.FilterRegistrationBean   : Mapping filter: 'requestContextFilter' to: [/*]
2017-08-16 09:51:14.536  INFO 1648 --- [localhost-startStop-1] .s.DelegatingFilterProxyRegistrationBean : Mapping filter: 'springSecurityFilterChain' to: [/*]
2017-08-16 09:51:14.537  INFO 1648 --- [localhost-startStop-1] o.s.b.w.servlet.ServletRegistrationBean  : Mapping servlet: 'dispatcherServlet' to [/]
2017-08-16 09:51:15.100  INFO 1648 --- [main] o.s.s.web.DefaultSecurityFilterChain     : Creating filter chain: org.springframework.security.web.util.matcher.AnyRequestMatcher@1, [org.springframework.security.web.context.request.async.WebAsyncManagerIntegrationFilter@1e886a5b, org.springframework.security.web.context.SecurityContextPersistenceFilter@2ad3a1bb, org.springframework.security.web.header.HeaderWriterFilter@327120c8, org.springframework.security.web.authentication.logout.LogoutFilter@29ad44e3, org.springframework.security.web.savedrequest.RequestCacheAwareFilter@324c64cd, org.springframework.security.web.servletapi.SecurityContextHolderAwareRequestFilter@702ed190, org.springframework.security.web.authentication.AnonymousAuthenticationFilter@d816dde, org.springframework.security.web.session.SessionManagementFilter@41200e0c, org.springframework.security.web.access.ExceptionTranslationFilter@525d79f0, org.springframework.security.web.access.intercept.FilterSecurityInterceptor@5bbc9f97]
2017-08-16 09:51:15.193  INFO 1648 --- [main] s.w.s.m.m.a.RequestMappingHandlerAdapter : Looking for @ControllerAdvice: org.springframework.boot.context.embedded.AnnotationConfigEmbeddedWebApplicationContext@38364841: startup date [Wed Aug 16 09:51:12 IST 2017]; root of context hierarchy
2017-08-16 09:51:15.260  INFO 1648 --- [main] s.w.s.m.m.a.RequestMappingHandlerMapping : Mapped "{[/login],methods=[GET]}" onto public org.springframework.web.servlet.ModelAndView com.project.login.LoginController.login()
2017-08-16 09:51:15.263  INFO 1648 --- [main] s.w.s.m.m.a.RequestMappingHandlerMapping : Mapped "{[/login/authenticate],methods=[POST]}" onto public com.project.login.model.AppResponse com.project.login.LoginController.doLogin(com.project.login.model.Login)
2017-08-16 09:51:15.265  INFO 1648 --- [main] s.w.s.m.m.a.RequestMappingHandlerMapping : Mapped "{[/registration/sendUserId],methods=[POST]}" onto public org.springframework.http.ResponseEntity<java.lang.String> com.project.login.registration.RegistrationController.test(java.lang.String)
2017-08-16 09:51:15.265  INFO 1648 --- [main] s.w.s.m.m.a.RequestMappingHandlerMapping : Mapped "{[/registration/checkIfUserIdAvailable/{userId}],methods=[GET]}" onto public com.project.login.model.AppResponse com.project.login.registration.RegistrationController.checkIfUserIdAvailable(java.lang.String)
2017-08-16 09:51:15.266  INFO 1648 --- [main] s.w.s.m.m.a.RequestMappingHandlerMapping : Mapped "{[/registration/registerUser],methods=[POST]}" onto public com.project.login.model.AppResponse com.project.login.registration.RegistrationController.registerUser(com.project.login.model.Registration)
2017-08-16 09:51:15.310  INFO 1648 --- [main] o.s.w.s.handler.SimpleUrlHandlerMapping  : Mapped URL path [/webjars/**] onto handler of type [class org.springframework.web.servlet.resource.ResourceHttpRequestHandler]
2017-08-16 09:51:15.310  INFO 1648 --- [main] o.s.w.s.handler.SimpleUrlHandlerMapping  : Mapped URL path [/**] onto handler of type [class org.springframework.web.servlet.resource.ResourceHttpRequestHandler]
2017-08-16 09:51:15.362  INFO 1648 --- [main] o.s.w.s.handler.SimpleUrlHandlerMapping  : Mapped URL path [/**/favicon.ico] onto handler of type [class org.springframework.web.servlet.resource.ResourceHttpRequestHandler]
2017-08-16 09:51:15.390  INFO 1648 --- [main] oConfiguration$WelcomePageHandlerMapping : Adding welcome page: class path resource [static/index.html]
2017-08-16 09:51:15.548  INFO 1648 --- [main] o.s.j.e.a.AnnotationMBeanExporter        : Registering beans for JMX exposure on startup
2017-08-16 09:51:15.612  INFO 1648 --- [main] s.b.c.e.t.TomcatEmbeddedServletContainer : Tomcat started on port(s): 8080 (http)
2017-08-16 09:51:15.617  INFO 1648 --- [main] c.project.login.LoginServerApplication   : Started LoginServerApplication in 3.629 seconds (JVM running for 5.071)
2017-08-16 09:51:30.167  INFO 1648 --- [http-nio-8080-exec-1] o.a.c.c.C.[Tomcat].[localhost].[/]       : Initializing Spring FrameworkServlet 'dispatcherServlet'
2017-08-16 09:51:30.168  INFO 1648 --- [http-nio-8080-exec-1] o.s.web.servlet.DispatcherServlet        : FrameworkServlet 'dispatcherServlet': initialization started
2017-08-16 09:51:30.206  INFO 1648 --- [http-nio-8080-exec-1] o.s.web.servlet.DispatcherServlet        : FrameworkServlet 'dispatcherServlet': initialization completed in 37 ms
